<?xml version="1.0" encoding="utf-8" standalone="yes"?>
<game>
    <title>Pitfall: The Mayan Adventure</title>
    <year>1995</year>
    <genre>Platform</genre>
    <publisher>Activision</publisher>
    <rating />
    <plot>Pitfall: The Mayan Adventure is a side-scrolling action game in which you play adventurer Pitfall Harry Jr in search of his father Pitfall Harry. You battle your way through the Mayan jungles, waterfalls, deserted mines and can bungee jump and boomerang your way to safety. There are 13 levels and the action is fast and gripping. You will need to be attentive and quick. Or prepare to die.</plot>
</game>
